<?xml version="1.0" encoding="UTF-8"?>
<testsuite xmlns:xsi="http://www.w3.org/2001/XMLSchema-instance" xsi:noNamespaceSchemaLocation="https://maven.apache.org/surefire/maven-surefire-plugin/xsd/surefire-test-report-3.0.xsd" version="3.0" name="com.rbcsystem.demo.DemoApplicationTests" time="5.954" tests="1" errors="0" skipped="0" failures="0">
  <properties>
[...]
</properties>
  <testcase name="testSomeMethod" classname="com.rbcsystem.demo.DemoApplicationTests" time="0.345">
    <system-out><![CDATA[14:07:45.758 [main] INFO org.springframework.test.context.support.AnnotationConfigContextLoaderUtils -- Could not detect default configuration classes for test class [com.rbcsystem.demo.DemoApplicationTests]: DemoApplicationTests does not declare any static, non-private, non-final, nested classes annotated with @Configuration.
14:07:45.849 [main] INFO org.springframework.boot.test.context.SpringBootTestContextBootstrapper -- Found @SpringBootConfiguration com.rbcsystem.demo.DemoApplication for test class com.rbcsystem.demo.DemoApplicationTests
14:07:45.995 [main] INFO org.springframework.boot.devtools.restart.RestartApplicationListener -- Restart disabled due to context in which it is running

  .   ____          _            __ _ _
 /\\ / ___'_ __ _ _(_)_ __  __ _ \ \ \ \
( ( )\___ | '_ | '_| | '_ \/ _` | \ \ \ \
 \\/  ___)| |_)| | | | | || (_| |  ) ) ) )
  '  |____| .__|_| |_|_| |_\__, | / / / /
 =========|_|==============|___/=/_/_/_/
 :: Spring Boot ::                (v3.2.5)

2024-08-20T14:07:46.278-04:00  INFO 4120 --- [demo] [           main] c.rbcsystem.demo.DemoApplicationTests    : Starting DemoApplicationTests using Java 22.0.1 with PID 4120 (started by Evanw in C:\Users\Evanw\OneDrive\Documents\GitHub\IT-Virtual-Ticket-Assignment\demo)
2024-08-20T14:07:46.279-04:00  INFO 4120 --- [demo] [           main] c.rbcsystem.demo.DemoApplicationTests    : No active profile set, falling back to 1 default profile: "default"
2024-08-20T14:07:46.790-04:00  INFO 4120 --- [demo] [           main] .s.d.r.c.RepositoryConfigurationDelegate : Bootstrapping Spring Data JPA repositories in DEFAULT mode.
2024-08-20T14:07:46.846-04:00  INFO 4120 --- [demo] [           main] .s.d.r.c.RepositoryConfigurationDelegate : Finished Spring Data repository scanning in 50 ms. Found 10 JPA repository interfaces.
2024-08-20T14:07:47.453-04:00  INFO 4120 --- [demo] [           main] o.hibernate.jpa.internal.util.LogHelper  : HHH000204: Processing PersistenceUnitInfo [name: default]
2024-08-20T14:07:47.503-04:00  INFO 4120 --- [demo] [           main] org.hibernate.Version                    : HHH000412: Hibernate ORM core version 6.1.1.Final
2024-08-20T14:07:47.653-04:00  INFO 4120 --- [demo] [           main] org.hibernate.orm.beans                  : HHH10005002: No explicit CDI BeanManager reference was passed to Hibernate, but CDI is available on the Hibernate ClassLoader.
2024-08-20T14:07:47.662-04:00  WARN 4120 --- [demo] [           main] org.hibernate.orm.deprecation            : HHH90000021: Encountered deprecated setting [javax.persistence.sharedCache.mode], use [jakarta.persistence.sharedCache.mode] instead
2024-08-20T14:07:47.807-04:00  INFO 4120 --- [demo] [           main] com.zaxxer.hikari.HikariDataSource       : HikariPool-1 - Starting...
2024-08-20T14:07:48.080-04:00  INFO 4120 --- [demo] [           main] com.zaxxer.hikari.pool.HikariPool        : HikariPool-1 - Added connection com.mysql.cj.jdbc.ConnectionImpl@5c0e2ec
2024-08-20T14:07:48.082-04:00  INFO 4120 --- [demo] [           main] com.zaxxer.hikari.HikariDataSource       : HikariPool-1 - Start completed.
2024-08-20T14:07:48.101-04:00  INFO 4120 --- [demo] [           main] SQL dialect                              : HHH000400: Using dialect: org.hibernate.dialect.MySQL8Dialect
2024-08-20T14:07:48.101-04:00  WARN 4120 --- [demo] [           main] org.hibernate.orm.deprecation            : HHH90000026: MySQL8Dialect has been deprecated; use org.hibernate.dialect.MySQLDialect instead
2024-08-20T14:07:48.821-04:00  INFO 4120 --- [demo] [           main] o.h.e.t.j.p.i.JtaPlatformInitiator       : HHH000490: Using JtaPlatform implementation: [org.hibernate.engine.transaction.jta.platform.internal.NoJtaPlatform]
2024-08-20T14:07:48.827-04:00  INFO 4120 --- [demo] [           main] j.LocalContainerEntityManagerFactoryBean : Initialized JPA EntityManagerFactory for persistence unit 'default'
2024-08-20T14:07:49.204-04:00  INFO 4120 --- [demo] [           main] o.s.d.j.r.query.QueryEnhancerFactory     : Hibernate is in classpath; If applicable, HQL parser will be used.
2024-08-20T14:07:49.986-04:00  INFO 4120 --- [demo] [           main] c.rbcsystem.demo.services.TaskService    : Current Schema: null
2024-08-20T14:07:50.021-04:00 DEBUG 4120 --- [demo] [           main] o.s.jdbc.datasource.DataSourceUtils      : Setting JDBC Connection [HikariProxyConnection@2006468647 wrapping com.mysql.cj.jdbc.ConnectionImpl@5c0e2ec] read-only
2024-08-20T14:07:50.111-04:00 DEBUG 4120 --- [demo] [           main] o.s.jdbc.datasource.DataSourceUtils      : Resetting read-only flag of JDBC Connection [HikariProxyConnection@2006468647 wrapping com.mysql.cj.jdbc.ConnectionImpl@5c0e2ec]
2024-08-20T14:07:50.112-04:00  INFO 4120 --- [demo] [           main] c.rbcsystem.demo.services.TaskService    : Number of tasks retrieved: 0
2024-08-20T14:07:50.168-04:00 DEBUG 4120 --- [demo] [           main] o.s.jdbc.datasource.DataSourceUtils      : Fetching JDBC Connection from DataSource
2024-08-20T14:07:50.227-04:00  WARN 4120 --- [demo] [           main] JpaBaseConfiguration$JpaWebConfiguration : spring.jpa.open-in-view is enabled by default. Therefore, database queries may be performed during view rendering. Explicitly configure spring.jpa.open-in-view to disable this warning
2024-08-20T14:07:50.691-04:00  INFO 4120 --- [demo] [           main] o.s.s.web.DefaultSecurityFilterChain     : Will secure Or [Mvc [pattern='/css/**'], Mvc [pattern='/js/**'], Mvc [pattern='/images/**']] with [org.springframework.security.web.session.DisableEncodeUrlFilter@ddd0e97, org.springframework.security.web.context.request.async.WebAsyncManagerIntegrationFilter@42d8b670, org.springframework.security.web.context.SecurityContextHolderFilter@74fa4891, org.springframework.security.web.header.HeaderWriterFilter@662754bb, org.springframework.web.filter.CorsFilter@7f15639c, org.springframework.security.web.csrf.CsrfFilter@48e0e779, org.springframework.security.web.authentication.logout.LogoutFilter@79b3f1c6, org.springframework.security.web.authentication.UsernamePasswordAuthenticationFilter@fcd300e, org.springframework.security.web.savedrequest.RequestCacheAwareFilter@640c8cd, org.springframework.security.web.servletapi.SecurityContextHolderAwareRequestFilter@1e0d70db, org.springframework.security.web.authentication.AnonymousAuthenticationFilter@24cdc97f, org.springframework.security.web.access.ExceptionTranslationFilter@2539ab41, org.springframework.security.web.access.intercept.AuthorizationFilter@3e216fc9]
2024-08-20T14:07:51.131-04:00 DEBUG 4120 --- [demo] [           main] o.s.jdbc.datasource.DataSourceUtils      : Fetching JDBC Connection from DataSource
2024-08-20T14:07:51.134-04:00  INFO 4120 --- [demo] [           main] c.rbcsystem.demo.DemoApplicationTests    : Started DemoApplicationTests in 5.15 seconds (process running for 5.979)
2024-08-20T14:07:51.137-04:00  INFO 4120 --- [demo] [           main] com.rbcsystem.demo.StartupData           : Inserting startup data
2024-08-20T14:07:51.193-04:00  INFO 4120 --- [demo] [           main] com.rbcsystem.demo.StartupData           : Startup data already exists in the database
2024-08-20T14:07:51.197-04:00  INFO 4120 --- [demo] [           main] c.rbcsystem.demo.services.ClientService  : Schema context cleared after authenticateUser
2024-08-20T14:07:51.209-04:00  INFO 4120 --- [demo] [           main] com.rbcsystem.demo.StartupData           : GUESS WHATtrue
]]></system-out>
    <system-err><![CDATA[WARNING: A Java agent has been loaded dynamically (C:\Users\Evanw\.m2\repository\net\bytebuddy\byte-buddy-agent\1.14.13\byte-buddy-agent-1.14.13.jar)
WARNING: If a serviceability tool is in use, please run with -XX:+EnableDynamicAgentLoading to hide this warning
WARNING: If a serviceability tool is not in use, please run with -Djdk.instrument.traceUsage for more information
WARNING: Dynamic loading of agents will be disallowed by default in a future release
]]></system-err>
  </testcase>
</testsuite>